<?xml version="1.0" encoding="UTF-8"?>
<!-- Generated by org.testng.reporters.JUnitReportReporter -->
<testsuite hostname="USHYDPSAMUD1" failures="0" tests="1" name="testDocker.ChromeStandAloneTest" time="10.815" errors="0" timestamp="2021-07-05T11:39:30 IST" skipped="0">
  <testcase classname="testDocker.ChromeStandAloneTest" name="chromeTest1" time="10.815"/>
  <system-out/>
</testsuite> <!-- testDocker.ChromeStandAloneTest -->
